2018-08-23 16:18:18 - PHP Notice:  Undefined variable: powered in /home/braincha/public_html/dev.highzilla.bg/catalog/view/theme/default/template/common/footer.tpl on line 42
2018-08-23 16:19:17 - PHP Notice:  Undefined variable: powered in /home/braincha/public_html/dev.highzilla.bg/catalog/view/theme/default/template/common/footer.tpl on line 42
2018-08-23 16:19:38 - PHP Notice:  Undefined variable: powered in /home/braincha/public_html/dev.highzilla.bg/catalog/view/theme/default/template/common/footer.tpl on line 42
2018-08-23 16:19:53 - PHP Notice:  Undefined index: bg in /home/braincha/public_html/dev.highzilla.bg/catalog/controller/extension/module/ocspecialproductslider.php on line 17
2018-08-23 16:19:53 - PHP Notice:  Undefined index: bg in /home/braincha/public_html/dev.highzilla.bg/catalog/controller/extension/module/octabcategoryslider.php on line 18
2018-08-23 16:19:53 - PHP Notice:  Undefined index: bg in /home/braincha/public_html/dev.highzilla.bg/catalog/controller/extension/module/occountdown.php on line 42
2018-08-23 16:19:53 - PHP Notice:  Undefined index: bg in /home/braincha/public_html/dev.highzilla.bg/catalog/controller/extension/module/octabproductslider.php on line 19
2018-08-23 16:19:53 - PHP Notice:  Undefined index: bg in /home/braincha/public_html/dev.highzilla.bg/catalog/controller/extension/module/octabcategoryslider.php on line 18
2018-08-23 16:19:53 - PHP Notice:  Undefined index: bg in /home/braincha/public_html/dev.highzilla.bg/catalog/controller/extension/module/ocfeaturedcategory.php on line 19
2018-08-23 16:19:53 - PHP Notice:  Undefined index: bg in /home/braincha/public_html/dev.highzilla.bg/catalog/controller/extension/module/ocblog.php on line 21
2018-08-23 16:19:53 - PHP Notice:  Undefined index: bg in /home/braincha/public_html/dev.highzilla.bg/catalog/controller/extension/module/octestimonial.php on line 15
2018-08-23 16:19:53 - PHP Notice:  Undefined index: bg in /home/braincha/public_html/dev.highzilla.bg/catalog/controller/extension/module/ocbestproductslider.php on line 31
2018-08-23 16:19:53 - PHP Notice:  Undefined variable: text_items2 in /home/braincha/public_html/dev.highzilla.bg/catalog/view/theme/tt_bigone1/template/common/cart.tpl on line 2
2018-08-23 16:19:53 - PHP Notice:  Undefined variable: use_ajax_login in /home/braincha/public_html/dev.highzilla.bg/catalog/view/theme/tt_bigone1/template/common/header.tpl on line 76
2018-08-23 16:19:53 - PHP Notice:  Undefined variable: use_ajax_login in /home/braincha/public_html/dev.highzilla.bg/catalog/view/theme/tt_bigone1/template/common/header.tpl on line 95
2018-08-23 16:19:53 - PHP Notice:  Undefined variable: use_ajax_login in /home/braincha/public_html/dev.highzilla.bg/catalog/view/theme/tt_bigone1/template/common/header.tpl on line 102
2018-08-23 16:20:06 - PHP Notice:  Undefined index: bg in /home/braincha/public_html/dev.highzilla.bg/catalog/controller/extension/module/ocspecialproductslider.php on line 17
2018-08-23 16:20:06 - PHP Notice:  Undefined index: bg in /home/braincha/public_html/dev.highzilla.bg/catalog/controller/extension/module/octabcategoryslider.php on line 18
2018-08-23 16:20:06 - PHP Notice:  Undefined index: bg in /home/braincha/public_html/dev.highzilla.bg/catalog/controller/extension/module/occountdown.php on line 42
2018-08-23 16:20:06 - PHP Notice:  Undefined index: bg in /home/braincha/public_html/dev.highzilla.bg/catalog/controller/extension/module/octabproductslider.php on line 19
2018-08-23 16:20:06 - PHP Notice:  Undefined index: bg in /home/braincha/public_html/dev.highzilla.bg/catalog/controller/extension/module/octabcategoryslider.php on line 18
2018-08-23 16:20:06 - PHP Notice:  Undefined index: bg in /home/braincha/public_html/dev.highzilla.bg/catalog/controller/extension/module/ocfeaturedcategory.php on line 19
2018-08-23 16:20:06 - PHP Notice:  Undefined index: bg in /home/braincha/public_html/dev.highzilla.bg/catalog/controller/extension/module/ocblog.php on line 21
2018-08-23 16:20:06 - PHP Notice:  Undefined index: bg in /home/braincha/public_html/dev.highzilla.bg/catalog/controller/extension/module/octestimonial.php on line 15
2018-08-23 16:20:06 - PHP Notice:  Undefined index: bg in /home/braincha/public_html/dev.highzilla.bg/catalog/controller/extension/module/ocbestproductslider.php on line 31
2018-08-23 16:20:06 - PHP Notice:  Undefined variable: text_items2 in /home/braincha/public_html/dev.highzilla.bg/catalog/view/theme/tt_bigone1/template/common/cart.tpl on line 2
2018-08-23 16:20:06 - PHP Notice:  Undefined variable: use_ajax_login in /home/braincha/public_html/dev.highzilla.bg/catalog/view/theme/tt_bigone1/template/common/header.tpl on line 76
2018-08-23 16:20:06 - PHP Notice:  Undefined variable: use_ajax_login in /home/braincha/public_html/dev.highzilla.bg/catalog/view/theme/tt_bigone1/template/common/header.tpl on line 95
2018-08-23 16:20:06 - PHP Notice:  Undefined variable: use_ajax_login in /home/braincha/public_html/dev.highzilla.bg/catalog/view/theme/tt_bigone1/template/common/header.tpl on line 102
2018-08-23 16:20:08 - PHP Notice:  Undefined index: bg in /home/braincha/public_html/dev.highzilla.bg/catalog/controller/extension/module/ocspecialproductslider.php on line 17
2018-08-23 16:20:08 - PHP Notice:  Undefined index: bg in /home/braincha/public_html/dev.highzilla.bg/catalog/controller/extension/module/octabcategoryslider.php on line 18
2018-08-23 16:20:08 - PHP Notice:  Undefined index: bg in /home/braincha/public_html/dev.highzilla.bg/catalog/controller/extension/module/occountdown.php on line 42
2018-08-23 16:20:08 - PHP Notice:  Undefined index: bg in /home/braincha/public_html/dev.highzilla.bg/catalog/controller/extension/module/octabproductslider.php on line 19
2018-08-23 16:20:08 - PHP Notice:  Undefined index: bg in /home/braincha/public_html/dev.highzilla.bg/catalog/controller/extension/module/octabcategoryslider.php on line 18
2018-08-23 16:20:08 - PHP Notice:  Undefined index: bg in /home/braincha/public_html/dev.highzilla.bg/catalog/controller/extension/module/ocfeaturedcategory.php on line 19
2018-08-23 16:20:08 - PHP Notice:  Undefined index: bg in /home/braincha/public_html/dev.highzilla.bg/catalog/controller/extension/module/ocblog.php on line 21
2018-08-23 16:20:08 - PHP Notice:  Undefined index: bg in /home/braincha/public_html/dev.highzilla.bg/catalog/controller/extension/module/octestimonial.php on line 15
2018-08-23 16:20:08 - PHP Notice:  Undefined index: bg in /home/braincha/public_html/dev.highzilla.bg/catalog/controller/extension/module/ocbestproductslider.php on line 31
2018-08-23 16:20:22 - PHP Notice:  Undefined index: bg in /home/braincha/public_html/dev.highzilla.bg/catalog/controller/extension/module/ocspecialproductslider.php on line 17
2018-08-23 16:20:22 - PHP Notice:  Undefined index: bg in /home/braincha/public_html/dev.highzilla.bg/catalog/controller/extension/module/octabcategoryslider.php on line 18
2018-08-23 16:20:22 - PHP Notice:  Undefined index: bg in /home/braincha/public_html/dev.highzilla.bg/catalog/controller/extension/module/occountdown.php on line 42
2018-08-23 16:20:22 - PHP Notice:  Undefined index: bg in /home/braincha/public_html/dev.highzilla.bg/catalog/controller/extension/module/octabproductslider.php on line 19
2018-08-23 16:20:22 - PHP Notice:  Undefined index: bg in /home/braincha/public_html/dev.highzilla.bg/catalog/controller/extension/module/octabcategoryslider.php on line 18
2018-08-23 16:20:22 - PHP Notice:  Undefined index: bg in /home/braincha/public_html/dev.highzilla.bg/catalog/controller/extension/module/ocfeaturedcategory.php on line 19
2018-08-23 16:20:22 - PHP Notice:  Undefined index: bg in /home/braincha/public_html/dev.highzilla.bg/catalog/controller/extension/module/ocblog.php on line 21
2018-08-23 16:20:22 - PHP Notice:  Undefined index: bg in /home/braincha/public_html/dev.highzilla.bg/catalog/controller/extension/module/octestimonial.php on line 15
2018-08-23 16:20:22 - PHP Notice:  Undefined index: bg in /home/braincha/public_html/dev.highzilla.bg/catalog/controller/extension/module/ocbestproductslider.php on line 31
2018-08-23 16:20:22 - PHP Notice:  Undefined index: bg in /home/braincha/public_html/dev.highzilla.bg/catalog/controller/extension/module/ocspecialproductslider.php on line 17
2018-08-23 16:20:22 - PHP Notice:  Undefined index: bg in /home/braincha/public_html/dev.highzilla.bg/catalog/controller/extension/module/octabcategoryslider.php on line 18
2018-08-23 16:20:22 - PHP Notice:  Undefined index: bg in /home/braincha/public_html/dev.highzilla.bg/catalog/controller/extension/module/occountdown.php on line 42
2018-08-23 16:20:22 - PHP Notice:  Undefined index: bg in /home/braincha/public_html/dev.highzilla.bg/catalog/controller/extension/module/octabproductslider.php on line 19
2018-08-23 16:20:23 - PHP Notice:  Undefined index: bg in /home/braincha/public_html/dev.highzilla.bg/catalog/controller/extension/module/octabcategoryslider.php on line 18
2018-08-23 16:20:23 - PHP Notice:  Undefined index: bg in /home/braincha/public_html/dev.highzilla.bg/catalog/controller/extension/module/ocfeaturedcategory.php on line 19
2018-08-23 16:20:23 - PHP Notice:  Undefined index: bg in /home/braincha/public_html/dev.highzilla.bg/catalog/controller/extension/module/ocblog.php on line 21
2018-08-23 16:20:23 - PHP Notice:  Undefined index: bg in /home/braincha/public_html/dev.highzilla.bg/catalog/controller/extension/module/octestimonial.php on line 15
2018-08-23 16:20:23 - PHP Notice:  Undefined index: bg in /home/braincha/public_html/dev.highzilla.bg/catalog/controller/extension/module/ocbestproductslider.php on line 31
2018-08-23 16:20:23 - PHP Notice:  Undefined index: bg in /home/braincha/public_html/dev.highzilla.bg/catalog/controller/extension/module/ocspecialproductslider.php on line 17
2018-08-23 16:20:23 - PHP Notice:  Undefined index: bg in /home/braincha/public_html/dev.highzilla.bg/catalog/controller/extension/module/octabcategoryslider.php on line 18
2018-08-23 16:20:23 - PHP Notice:  Undefined index: bg in /home/braincha/public_html/dev.highzilla.bg/catalog/controller/extension/module/occountdown.php on line 42
2018-08-23 16:20:23 - PHP Notice:  Undefined index: bg in /home/braincha/public_html/dev.highzilla.bg/catalog/controller/extension/module/octabproductslider.php on line 19
2018-08-23 16:20:23 - PHP Notice:  Undefined index: bg in /home/braincha/public_html/dev.highzilla.bg/catalog/controller/extension/module/octabcategoryslider.php on line 18
2018-08-23 16:20:23 - PHP Notice:  Undefined index: bg in /home/braincha/public_html/dev.highzilla.bg/catalog/controller/extension/module/ocfeaturedcategory.php on line 19
2018-08-23 16:20:23 - PHP Notice:  Undefined index: bg in /home/braincha/public_html/dev.highzilla.bg/catalog/controller/extension/module/ocblog.php on line 21
2018-08-23 16:20:23 - PHP Notice:  Undefined index: bg in /home/braincha/public_html/dev.highzilla.bg/catalog/controller/extension/module/octestimonial.php on line 15
2018-08-23 16:20:23 - PHP Notice:  Undefined index: bg in /home/braincha/public_html/dev.highzilla.bg/catalog/controller/extension/module/ocbestproductslider.php on line 31
2018-08-23 19:54:11 - PHP Notice:  Undefined index: bg in /home/braincha/public_html/dev.highzilla.bg/catalog/controller/extension/module/occountdown.php on line 42
2018-08-23 19:54:12 - PHP Notice:  Undefined index: bg in /home/braincha/public_html/dev.highzilla.bg/catalog/controller/extension/module/octabproductslider.php on line 19
2018-08-23 19:54:12 - PHP Notice:  Undefined index: bg in /home/braincha/public_html/dev.highzilla.bg/catalog/controller/extension/module/octabcategoryslider.php on line 18
2018-08-23 19:54:12 - PHP Notice:  Undefined index: bg in /home/braincha/public_html/dev.highzilla.bg/catalog/controller/extension/module/ocnewproductslider.php on line 18
2018-08-23 19:54:12 - PHP Notice:  Undefined index: bg in /home/braincha/public_html/dev.highzilla.bg/catalog/controller/extension/module/ocfeaturedcategory.php on line 19
2018-08-23 19:54:12 - PHP Notice:  Undefined index: bg in /home/braincha/public_html/dev.highzilla.bg/catalog/controller/extension/module/ocblog.php on line 21
2018-08-23 19:54:12 - PHP Notice:  Undefined index: bg in /home/braincha/public_html/dev.highzilla.bg/catalog/controller/extension/module/octestimonial.php on line 15
2018-08-23 19:54:12 - PHP Notice:  Undefined index: bg in /home/braincha/public_html/dev.highzilla.bg/catalog/controller/extension/module/ocbestproductslider.php on line 31
2018-08-23 19:54:16 - PHP Notice:  Undefined index: bg in /home/braincha/public_html/dev.highzilla.bg/catalog/controller/extension/module/occountdown.php on line 42
2018-08-23 19:54:16 - PHP Notice:  Undefined index: bg in /home/braincha/public_html/dev.highzilla.bg/catalog/controller/extension/module/octabproductslider.php on line 19
2018-08-23 19:54:16 - PHP Notice:  Undefined index: bg in /home/braincha/public_html/dev.highzilla.bg/catalog/controller/extension/module/octabcategoryslider.php on line 18
2018-08-23 19:54:16 - PHP Notice:  Undefined index: bg in /home/braincha/public_html/dev.highzilla.bg/catalog/controller/extension/module/ocnewproductslider.php on line 18
2018-08-23 19:54:16 - PHP Notice:  Undefined index: bg in /home/braincha/public_html/dev.highzilla.bg/catalog/controller/extension/module/ocfeaturedcategory.php on line 19
2018-08-23 19:54:16 - PHP Notice:  Undefined index: bg in /home/braincha/public_html/dev.highzilla.bg/catalog/controller/extension/module/ocblog.php on line 21
2018-08-23 19:54:16 - PHP Notice:  Undefined index: bg in /home/braincha/public_html/dev.highzilla.bg/catalog/controller/extension/module/octestimonial.php on line 15
2018-08-23 19:54:16 - PHP Notice:  Undefined index: bg in /home/braincha/public_html/dev.highzilla.bg/catalog/controller/extension/module/ocbestproductslider.php on line 31
2018-08-23 19:54:17 - PHP Notice:  Undefined index: bg in /home/braincha/public_html/dev.highzilla.bg/catalog/controller/extension/module/occountdown.php on line 42
2018-08-23 19:54:17 - PHP Notice:  Undefined index: bg in /home/braincha/public_html/dev.highzilla.bg/catalog/controller/extension/module/octabproductslider.php on line 19
2018-08-23 19:54:17 - PHP Notice:  Undefined index: bg in /home/braincha/public_html/dev.highzilla.bg/catalog/controller/extension/module/octabcategoryslider.php on line 18
2018-08-23 19:54:17 - PHP Notice:  Undefined index: bg in /home/braincha/public_html/dev.highzilla.bg/catalog/controller/extension/module/ocnewproductslider.php on line 18
2018-08-23 19:54:17 - PHP Notice:  Undefined index: bg in /home/braincha/public_html/dev.highzilla.bg/catalog/controller/extension/module/ocfeaturedcategory.php on line 19
2018-08-23 19:54:17 - PHP Notice:  Undefined index: bg in /home/braincha/public_html/dev.highzilla.bg/catalog/controller/extension/module/ocblog.php on line 21
2018-08-23 19:54:17 - PHP Notice:  Undefined index: bg in /home/braincha/public_html/dev.highzilla.bg/catalog/controller/extension/module/octestimonial.php on line 15
2018-08-23 19:54:17 - PHP Notice:  Undefined index: bg in /home/braincha/public_html/dev.highzilla.bg/catalog/controller/extension/module/ocbestproductslider.php on line 31
2018-08-23 19:54:19 - PHP Notice:  Undefined index: bg in /home/braincha/public_html/dev.highzilla.bg/catalog/controller/extension/module/occountdown.php on line 42
2018-08-23 19:54:19 - PHP Notice:  Undefined index: bg in /home/braincha/public_html/dev.highzilla.bg/catalog/controller/extension/module/octabproductslider.php on line 19
2018-08-23 19:54:19 - PHP Notice:  Undefined index: bg in /home/braincha/public_html/dev.highzilla.bg/catalog/controller/extension/module/octabcategoryslider.php on line 18
2018-08-23 19:54:19 - PHP Notice:  Undefined index: bg in /home/braincha/public_html/dev.highzilla.bg/catalog/controller/extension/module/ocnewproductslider.php on line 18
2018-08-23 19:54:19 - PHP Notice:  Undefined index: bg in /home/braincha/public_html/dev.highzilla.bg/catalog/controller/extension/module/ocfeaturedcategory.php on line 19
2018-08-23 19:54:19 - PHP Notice:  Undefined index: bg in /home/braincha/public_html/dev.highzilla.bg/catalog/controller/extension/module/ocblog.php on line 21
2018-08-23 19:54:19 - PHP Notice:  Undefined index: bg in /home/braincha/public_html/dev.highzilla.bg/catalog/controller/extension/module/octestimonial.php on line 15
2018-08-23 19:54:19 - PHP Notice:  Undefined index: bg in /home/braincha/public_html/dev.highzilla.bg/catalog/controller/extension/module/ocbestproductslider.php on line 31
2018-08-23 19:55:36 - PHP Notice:  Undefined index: bg in /home/braincha/public_html/dev.highzilla.bg/catalog/controller/extension/module/occountdown.php on line 42
2018-08-23 19:55:36 - PHP Notice:  Undefined index: bg in /home/braincha/public_html/dev.highzilla.bg/catalog/controller/extension/module/octabproductslider.php on line 19
2018-08-23 19:55:37 - PHP Notice:  Undefined index: bg in /home/braincha/public_html/dev.highzilla.bg/catalog/controller/extension/module/octabcategoryslider.php on line 18
2018-08-23 19:55:37 - PHP Notice:  Undefined index: bg in /home/braincha/public_html/dev.highzilla.bg/catalog/controller/extension/module/ocnewproductslider.php on line 18
2018-08-23 19:55:37 - PHP Notice:  Undefined index: bg in /home/braincha/public_html/dev.highzilla.bg/catalog/controller/extension/module/ocfeaturedcategory.php on line 19
2018-08-23 19:55:37 - PHP Notice:  Undefined index: bg in /home/braincha/public_html/dev.highzilla.bg/catalog/controller/extension/module/ocblog.php on line 21
2018-08-23 19:55:37 - PHP Notice:  Undefined index: bg in /home/braincha/public_html/dev.highzilla.bg/catalog/controller/extension/module/octestimonial.php on line 15
2018-08-23 19:55:37 - PHP Notice:  Undefined index: bg in /home/braincha/public_html/dev.highzilla.bg/catalog/controller/extension/module/ocbestproductslider.php on line 31
2018-08-23 19:55:38 - PHP Notice:  Undefined index: bg in /home/braincha/public_html/dev.highzilla.bg/catalog/controller/extension/module/occountdown.php on line 42
2018-08-23 19:55:38 - PHP Notice:  Undefined index: bg in /home/braincha/public_html/dev.highzilla.bg/catalog/controller/extension/module/octabproductslider.php on line 19
2018-08-23 19:55:38 - PHP Notice:  Undefined index: bg in /home/braincha/public_html/dev.highzilla.bg/catalog/controller/extension/module/octabcategoryslider.php on line 18
2018-08-23 19:55:38 - PHP Notice:  Undefined index: bg in /home/braincha/public_html/dev.highzilla.bg/catalog/controller/extension/module/ocnewproductslider.php on line 18
2018-08-23 19:55:38 - PHP Notice:  Undefined index: bg in /home/braincha/public_html/dev.highzilla.bg/catalog/controller/extension/module/ocfeaturedcategory.php on line 19
2018-08-23 19:55:38 - PHP Notice:  Undefined index: bg in /home/braincha/public_html/dev.highzilla.bg/catalog/controller/extension/module/ocblog.php on line 21
2018-08-23 19:55:38 - PHP Notice:  Undefined index: bg in /home/braincha/public_html/dev.highzilla.bg/catalog/controller/extension/module/octestimonial.php on line 15
2018-08-23 19:55:38 - PHP Notice:  Undefined index: bg in /home/braincha/public_html/dev.highzilla.bg/catalog/controller/extension/module/ocbestproductslider.php on line 31
2018-08-23 19:56:40 - PHP Notice:  Undefined index: bg in /home/braincha/public_html/dev.highzilla.bg/catalog/controller/extension/module/occountdown.php on line 42
2018-08-23 19:56:40 - PHP Notice:  Undefined index: bg in /home/braincha/public_html/dev.highzilla.bg/catalog/controller/extension/module/octabproductslider.php on line 19
2018-08-23 19:56:40 - PHP Notice:  Undefined index: bg in /home/braincha/public_html/dev.highzilla.bg/catalog/controller/extension/module/octabcategoryslider.php on line 18
2018-08-23 19:56:40 - PHP Notice:  Undefined index: bg in /home/braincha/public_html/dev.highzilla.bg/catalog/controller/extension/module/ocnewproductslider.php on line 18
2018-08-23 19:56:40 - PHP Notice:  Undefined index: bg in /home/braincha/public_html/dev.highzilla.bg/catalog/controller/extension/module/ocfeaturedcategory.php on line 19
2018-08-23 19:56:40 - PHP Notice:  Undefined index: bg in /home/braincha/public_html/dev.highzilla.bg/catalog/controller/extension/module/ocblog.php on line 21
2018-08-23 19:56:40 - PHP Notice:  Undefined index: bg in /home/braincha/public_html/dev.highzilla.bg/catalog/controller/extension/module/octestimonial.php on line 15
2018-08-23 19:56:40 - PHP Notice:  Undefined index: bg in /home/braincha/public_html/dev.highzilla.bg/catalog/controller/extension/module/ocbestproductslider.php on line 31
2018-08-23 19:56:45 - PHP Notice:  Undefined index: bg in /home/braincha/public_html/dev.highzilla.bg/catalog/controller/extension/module/occountdown.php on line 42
2018-08-23 19:56:45 - PHP Notice:  Undefined index: bg in /home/braincha/public_html/dev.highzilla.bg/catalog/controller/extension/module/octabproductslider.php on line 19
2018-08-23 19:56:45 - PHP Notice:  Undefined index: bg in /home/braincha/public_html/dev.highzilla.bg/catalog/controller/extension/module/octabcategoryslider.php on line 18
2018-08-23 19:56:45 - PHP Notice:  Undefined index: bg in /home/braincha/public_html/dev.highzilla.bg/catalog/controller/extension/module/ocnewproductslider.php on line 18
2018-08-23 19:56:45 - PHP Notice:  Undefined index: bg in /home/braincha/public_html/dev.highzilla.bg/catalog/controller/extension/module/ocfeaturedcategory.php on line 19
2018-08-23 19:56:45 - PHP Notice:  Undefined index: bg in /home/braincha/public_html/dev.highzilla.bg/catalog/controller/extension/module/ocblog.php on line 21
2018-08-23 19:56:45 - PHP Notice:  Undefined index: bg in /home/braincha/public_html/dev.highzilla.bg/catalog/controller/extension/module/octestimonial.php on line 15
2018-08-23 19:56:45 - PHP Notice:  Undefined index: bg in /home/braincha/public_html/dev.highzilla.bg/catalog/controller/extension/module/ocbestproductslider.php on line 31
2018-08-23 19:56:50 - PHP Notice:  Undefined index: bg in /home/braincha/public_html/dev.highzilla.bg/catalog/controller/extension/module/occountdown.php on line 42
2018-08-23 19:56:50 - PHP Notice:  Undefined index: bg in /home/braincha/public_html/dev.highzilla.bg/catalog/controller/extension/module/octabproductslider.php on line 19
2018-08-23 19:56:50 - PHP Notice:  Undefined index: bg in /home/braincha/public_html/dev.highzilla.bg/catalog/controller/extension/module/octabcategoryslider.php on line 18
2018-08-23 19:56:50 - PHP Notice:  Undefined index: bg in /home/braincha/public_html/dev.highzilla.bg/catalog/controller/extension/module/ocnewproductslider.php on line 18
2018-08-23 19:56:50 - PHP Notice:  Undefined index: bg in /home/braincha/public_html/dev.highzilla.bg/catalog/controller/extension/module/ocfeaturedcategory.php on line 19
2018-08-23 19:56:50 - PHP Notice:  Undefined index: bg in /home/braincha/public_html/dev.highzilla.bg/catalog/controller/extension/module/ocblog.php on line 21
2018-08-23 19:56:50 - PHP Notice:  Undefined index: bg in /home/braincha/public_html/dev.highzilla.bg/catalog/controller/extension/module/octestimonial.php on line 15
2018-08-23 19:56:50 - PHP Notice:  Undefined index: bg in /home/braincha/public_html/dev.highzilla.bg/catalog/controller/extension/module/ocbestproductslider.php on line 31
2018-08-23 19:57:43 - PHP Notice:  Undefined index: bg in /home/braincha/public_html/dev.highzilla.bg/catalog/controller/extension/module/occountdown.php on line 42
2018-08-23 19:57:43 - PHP Notice:  Undefined index: bg in /home/braincha/public_html/dev.highzilla.bg/catalog/controller/extension/module/octabproductslider.php on line 19
2018-08-23 19:57:43 - PHP Notice:  Undefined index: bg in /home/braincha/public_html/dev.highzilla.bg/catalog/controller/extension/module/octabcategoryslider.php on line 18
2018-08-23 19:57:43 - PHP Notice:  Undefined index: bg in /home/braincha/public_html/dev.highzilla.bg/catalog/controller/extension/module/ocnewproductslider.php on line 18
2018-08-23 19:57:43 - PHP Notice:  Undefined index: bg in /home/braincha/public_html/dev.highzilla.bg/catalog/controller/extension/module/ocfeaturedcategory.php on line 19
2018-08-23 19:57:43 - PHP Notice:  Undefined index: bg in /home/braincha/public_html/dev.highzilla.bg/catalog/controller/extension/module/ocblog.php on line 21
2018-08-23 19:57:43 - PHP Notice:  Undefined index: bg in /home/braincha/public_html/dev.highzilla.bg/catalog/controller/extension/module/octestimonial.php on line 15
2018-08-23 19:57:43 - PHP Notice:  Undefined index: bg in /home/braincha/public_html/dev.highzilla.bg/catalog/controller/extension/module/ocbestproductslider.php on line 31
2018-08-23 19:57:44 - PHP Notice:  Undefined index: bg in /home/braincha/public_html/dev.highzilla.bg/catalog/controller/extension/module/occountdown.php on line 42
2018-08-23 19:57:44 - PHP Notice:  Undefined index: bg in /home/braincha/public_html/dev.highzilla.bg/catalog/controller/extension/module/octabproductslider.php on line 19
2018-08-23 19:57:44 - PHP Notice:  Undefined index: bg in /home/braincha/public_html/dev.highzilla.bg/catalog/controller/extension/module/octabcategoryslider.php on line 18
2018-08-23 19:57:44 - PHP Notice:  Undefined index: bg in /home/braincha/public_html/dev.highzilla.bg/catalog/controller/extension/module/ocnewproductslider.php on line 18
2018-08-23 19:57:44 - PHP Notice:  Undefined index: bg in /home/braincha/public_html/dev.highzilla.bg/catalog/controller/extension/module/ocfeaturedcategory.php on line 19
2018-08-23 19:57:44 - PHP Notice:  Undefined index: bg in /home/braincha/public_html/dev.highzilla.bg/catalog/controller/extension/module/ocblog.php on line 21
2018-08-23 19:57:44 - PHP Notice:  Undefined index: bg in /home/braincha/public_html/dev.highzilla.bg/catalog/controller/extension/module/octestimonial.php on line 15
2018-08-23 19:57:44 - PHP Notice:  Undefined index: bg in /home/braincha/public_html/dev.highzilla.bg/catalog/controller/extension/module/ocbestproductslider.php on line 31
2018-08-23 19:57:54 - PHP Notice:  Undefined index: bg in /home/braincha/public_html/dev.highzilla.bg/catalog/controller/extension/module/occountdown.php on line 42
2018-08-23 19:57:54 - PHP Notice:  Undefined index: bg in /home/braincha/public_html/dev.highzilla.bg/catalog/controller/extension/module/octabproductslider.php on line 19
2018-08-23 19:57:54 - PHP Notice:  Undefined index: bg in /home/braincha/public_html/dev.highzilla.bg/catalog/controller/extension/module/octabcategoryslider.php on line 18
2018-08-23 19:57:54 - PHP Notice:  Undefined index: bg in /home/braincha/public_html/dev.highzilla.bg/catalog/controller/extension/module/ocnewproductslider.php on line 18
2018-08-23 19:57:54 - PHP Notice:  Undefined index: bg in /home/braincha/public_html/dev.highzilla.bg/catalog/controller/extension/module/ocfeaturedcategory.php on line 19
2018-08-23 19:57:54 - PHP Notice:  Undefined index: bg in /home/braincha/public_html/dev.highzilla.bg/catalog/controller/extension/module/ocblog.php on line 21
2018-08-23 19:57:54 - PHP Notice:  Undefined index: bg in /home/braincha/public_html/dev.highzilla.bg/catalog/controller/extension/module/octestimonial.php on line 15
2018-08-23 19:57:54 - PHP Notice:  Undefined index: bg in /home/braincha/public_html/dev.highzilla.bg/catalog/controller/extension/module/ocbestproductslider.php on line 31
2018-08-23 19:57:58 - PHP Notice:  Undefined index: bg in /home/braincha/public_html/dev.highzilla.bg/catalog/controller/extension/module/occountdown.php on line 42
2018-08-23 19:57:58 - PHP Notice:  Undefined index: bg in /home/braincha/public_html/dev.highzilla.bg/catalog/controller/extension/module/octabproductslider.php on line 19
2018-08-23 19:57:58 - PHP Notice:  Undefined index: bg in /home/braincha/public_html/dev.highzilla.bg/catalog/controller/extension/module/octabcategoryslider.php on line 18
2018-08-23 19:57:58 - PHP Notice:  Undefined index: bg in /home/braincha/public_html/dev.highzilla.bg/catalog/controller/extension/module/ocnewproductslider.php on line 18
2018-08-23 19:57:58 - PHP Notice:  Undefined index: bg in /home/braincha/public_html/dev.highzilla.bg/catalog/controller/extension/module/ocfeaturedcategory.php on line 19
2018-08-23 19:57:58 - PHP Notice:  Undefined index: bg in /home/braincha/public_html/dev.highzilla.bg/catalog/controller/extension/module/ocblog.php on line 21
2018-08-23 19:57:58 - PHP Notice:  Undefined index: bg in /home/braincha/public_html/dev.highzilla.bg/catalog/controller/extension/module/octestimonial.php on line 15
2018-08-23 19:57:58 - PHP Notice:  Undefined index: bg in /home/braincha/public_html/dev.highzilla.bg/catalog/controller/extension/module/ocbestproductslider.php on line 31
2018-08-23 19:58:00 - PHP Notice:  Undefined index: bg in /home/braincha/public_html/dev.highzilla.bg/catalog/controller/extension/module/occountdown.php on line 42
2018-08-23 19:58:00 - PHP Notice:  Undefined index: bg in /home/braincha/public_html/dev.highzilla.bg/catalog/controller/extension/module/octabproductslider.php on line 19
2018-08-23 19:58:00 - PHP Notice:  Undefined index: bg in /home/braincha/public_html/dev.highzilla.bg/catalog/controller/extension/module/octabcategoryslider.php on line 18
2018-08-23 19:58:00 - PHP Notice:  Undefined index: bg in /home/braincha/public_html/dev.highzilla.bg/catalog/controller/extension/module/ocnewproductslider.php on line 18
2018-08-23 19:58:00 - PHP Notice:  Undefined index: bg in /home/braincha/public_html/dev.highzilla.bg/catalog/controller/extension/module/ocfeaturedcategory.php on line 19
2018-08-23 19:58:00 - PHP Notice:  Undefined index: bg in /home/braincha/public_html/dev.highzilla.bg/catalog/controller/extension/module/ocblog.php on line 21
2018-08-23 19:58:00 - PHP Notice:  Undefined index: bg in /home/braincha/public_html/dev.highzilla.bg/catalog/controller/extension/module/octestimonial.php on line 15
2018-08-23 19:58:00 - PHP Notice:  Undefined index: bg in /home/braincha/public_html/dev.highzilla.bg/catalog/controller/extension/module/ocbestproductslider.php on line 31
2018-08-23 19:58:14 - PHP Notice:  Undefined index: bg in /home/braincha/public_html/dev.highzilla.bg/catalog/controller/extension/module/occountdown.php on line 42
2018-08-23 19:58:14 - PHP Notice:  Undefined index: bg in /home/braincha/public_html/dev.highzilla.bg/catalog/controller/extension/module/octabproductslider.php on line 19
2018-08-23 19:58:15 - PHP Notice:  Undefined index: bg in /home/braincha/public_html/dev.highzilla.bg/catalog/controller/extension/module/octabcategoryslider.php on line 18
2018-08-23 19:58:15 - PHP Notice:  Undefined index: bg in /home/braincha/public_html/dev.highzilla.bg/catalog/controller/extension/module/ocnewproductslider.php on line 18
2018-08-23 19:58:15 - PHP Notice:  Undefined index: bg in /home/braincha/public_html/dev.highzilla.bg/catalog/controller/extension/module/ocfeaturedcategory.php on line 19
2018-08-23 19:58:15 - PHP Notice:  Undefined index: bg in /home/braincha/public_html/dev.highzilla.bg/catalog/controller/extension/module/ocblog.php on line 21
2018-08-23 19:58:15 - PHP Notice:  Undefined index: bg in /home/braincha/public_html/dev.highzilla.bg/catalog/controller/extension/module/octestimonial.php on line 15
2018-08-23 19:58:15 - PHP Notice:  Undefined index: bg in /home/braincha/public_html/dev.highzilla.bg/catalog/controller/extension/module/ocbestproductslider.php on line 31
2018-08-23 19:58:28 - PHP Notice:  Undefined index: bg in /home/braincha/public_html/dev.highzilla.bg/catalog/controller/extension/module/occountdown.php on line 42
2018-08-23 19:58:28 - PHP Notice:  Undefined index: bg in /home/braincha/public_html/dev.highzilla.bg/catalog/controller/extension/module/octabproductslider.php on line 19
2018-08-23 19:58:28 - PHP Notice:  Undefined index: bg in /home/braincha/public_html/dev.highzilla.bg/catalog/controller/extension/module/octabcategoryslider.php on line 18
2018-08-23 19:58:28 - PHP Notice:  Undefined index: bg in /home/braincha/public_html/dev.highzilla.bg/catalog/controller/extension/module/ocnewproductslider.php on line 18
2018-08-23 19:58:28 - PHP Notice:  Undefined index: bg in /home/braincha/public_html/dev.highzilla.bg/catalog/controller/extension/module/ocfeaturedcategory.php on line 19
2018-08-23 19:58:28 - PHP Notice:  Undefined index: bg in /home/braincha/public_html/dev.highzilla.bg/catalog/controller/extension/module/ocblog.php on line 21
2018-08-23 19:58:28 - PHP Notice:  Undefined index: bg in /home/braincha/public_html/dev.highzilla.bg/catalog/controller/extension/module/octestimonial.php on line 15
2018-08-23 19:58:28 - PHP Notice:  Undefined index: bg in /home/braincha/public_html/dev.highzilla.bg/catalog/controller/extension/module/ocbestproductslider.php on line 31
2018-08-23 19:58:28 - PHP Notice:  Undefined index: bg in /home/braincha/public_html/dev.highzilla.bg/catalog/controller/extension/module/occountdown.php on line 42
2018-08-23 19:58:28 - PHP Notice:  Undefined index: bg in /home/braincha/public_html/dev.highzilla.bg/catalog/controller/extension/module/octabproductslider.php on line 19
2018-08-23 19:58:28 - PHP Notice:  Undefined index: bg in /home/braincha/public_html/dev.highzilla.bg/catalog/controller/extension/module/octabcategoryslider.php on line 18
2018-08-23 19:58:28 - PHP Notice:  Undefined index: bg in /home/braincha/public_html/dev.highzilla.bg/catalog/controller/extension/module/ocnewproductslider.php on line 18
2018-08-23 19:58:28 - PHP Notice:  Undefined index: bg in /home/braincha/public_html/dev.highzilla.bg/catalog/controller/extension/module/ocfeaturedcategory.php on line 19
2018-08-23 19:58:28 - PHP Notice:  Undefined index: bg in /home/braincha/public_html/dev.highzilla.bg/catalog/controller/extension/module/ocblog.php on line 21
2018-08-23 19:58:28 - PHP Notice:  Undefined index: bg in /home/braincha/public_html/dev.highzilla.bg/catalog/controller/extension/module/octestimonial.php on line 15
2018-08-23 19:58:28 - PHP Notice:  Undefined index: bg in /home/braincha/public_html/dev.highzilla.bg/catalog/controller/extension/module/ocbestproductslider.php on line 31
2018-08-23 19:58:29 - PHP Notice:  Undefined index: bg in /home/braincha/public_html/dev.highzilla.bg/catalog/controller/extension/module/occountdown.php on line 42
2018-08-23 19:58:29 - PHP Notice:  Undefined index: bg in /home/braincha/public_html/dev.highzilla.bg/catalog/controller/extension/module/octabproductslider.php on line 19
2018-08-23 19:58:29 - PHP Notice:  Undefined index: bg in /home/braincha/public_html/dev.highzilla.bg/catalog/controller/extension/module/octabcategoryslider.php on line 18
2018-08-23 19:58:29 - PHP Notice:  Undefined index: bg in /home/braincha/public_html/dev.highzilla.bg/catalog/controller/extension/module/ocnewproductslider.php on line 18
2018-08-23 19:58:29 - PHP Notice:  Undefined index: bg in /home/braincha/public_html/dev.highzilla.bg/catalog/controller/extension/module/ocfeaturedcategory.php on line 19
2018-08-23 19:58:29 - PHP Notice:  Undefined index: bg in /home/braincha/public_html/dev.highzilla.bg/catalog/controller/extension/module/ocblog.php on line 21
2018-08-23 19:58:29 - PHP Notice:  Undefined index: bg in /home/braincha/public_html/dev.highzilla.bg/catalog/controller/extension/module/octestimonial.php on line 15
2018-08-23 19:58:29 - PHP Notice:  Undefined index: bg in /home/braincha/public_html/dev.highzilla.bg/catalog/controller/extension/module/ocbestproductslider.php on line 31
2018-08-23 19:58:32 - PHP Notice:  Undefined index: bg in /home/braincha/public_html/dev.highzilla.bg/catalog/controller/extension/module/occountdown.php on line 42
2018-08-23 19:58:32 - PHP Notice:  Undefined index: bg in /home/braincha/public_html/dev.highzilla.bg/catalog/controller/extension/module/octabproductslider.php on line 19
2018-08-23 19:58:32 - PHP Notice:  Undefined index: bg in /home/braincha/public_html/dev.highzilla.bg/catalog/controller/extension/module/octabcategoryslider.php on line 18
2018-08-23 19:58:32 - PHP Notice:  Undefined index: bg in /home/braincha/public_html/dev.highzilla.bg/catalog/controller/extension/module/ocnewproductslider.php on line 18
2018-08-23 19:58:32 - PHP Notice:  Undefined index: bg in /home/braincha/public_html/dev.highzilla.bg/catalog/controller/extension/module/ocfeaturedcategory.php on line 19
2018-08-23 19:58:32 - PHP Notice:  Undefined index: bg in /home/braincha/public_html/dev.highzilla.bg/catalog/controller/extension/module/ocblog.php on line 21
2018-08-23 19:58:32 - PHP Notice:  Undefined index: bg in /home/braincha/public_html/dev.highzilla.bg/catalog/controller/extension/module/octestimonial.php on line 15
2018-08-23 19:58:32 - PHP Notice:  Undefined index: bg in /home/braincha/public_html/dev.highzilla.bg/catalog/controller/extension/module/ocbestproductslider.php on line 31
2018-08-23 19:58:35 - PHP Notice:  Undefined index: bg in /home/braincha/public_html/dev.highzilla.bg/catalog/controller/extension/module/octabproductslider.php on line 19
2018-08-23 19:58:35 - PHP Notice:  Undefined index: bg in /home/braincha/public_html/dev.highzilla.bg/catalog/controller/extension/module/octabcategoryslider.php on line 18
2018-08-23 19:58:35 - PHP Notice:  Undefined index: bg in /home/braincha/public_html/dev.highzilla.bg/catalog/controller/extension/module/ocnewproductslider.php on line 18
2018-08-23 19:58:35 - PHP Notice:  Undefined index: bg in /home/braincha/public_html/dev.highzilla.bg/catalog/controller/extension/module/ocfeaturedcategory.php on line 19
2018-08-23 19:58:35 - PHP Notice:  Undefined index: bg in /home/braincha/public_html/dev.highzilla.bg/catalog/controller/extension/module/ocblog.php on line 21
2018-08-23 19:58:35 - PHP Notice:  Undefined index: bg in /home/braincha/public_html/dev.highzilla.bg/catalog/controller/extension/module/octestimonial.php on line 15
2018-08-23 19:58:35 - PHP Notice:  Undefined index: bg in /home/braincha/public_html/dev.highzilla.bg/catalog/controller/extension/module/ocbestproductslider.php on line 31
2018-08-23 19:58:39 - PHP Notice:  Undefined index: bg in /home/braincha/public_html/dev.highzilla.bg/catalog/controller/extension/module/octabproductslider.php on line 19
2018-08-23 19:58:39 - PHP Notice:  Undefined index: bg in /home/braincha/public_html/dev.highzilla.bg/catalog/controller/extension/module/octabcategoryslider.php on line 18
2018-08-23 19:58:39 - PHP Notice:  Undefined index: bg in /home/braincha/public_html/dev.highzilla.bg/catalog/controller/extension/module/ocnewproductslider.php on line 18
2018-08-23 19:58:39 - PHP Notice:  Undefined index: bg in /home/braincha/public_html/dev.highzilla.bg/catalog/controller/extension/module/ocfeaturedcategory.php on line 19
2018-08-23 19:58:39 - PHP Notice:  Undefined index: bg in /home/braincha/public_html/dev.highzilla.bg/catalog/controller/extension/module/ocblog.php on line 21
2018-08-23 19:58:39 - PHP Notice:  Undefined index: bg in /home/braincha/public_html/dev.highzilla.bg/catalog/controller/extension/module/octestimonial.php on line 15
2018-08-23 19:58:39 - PHP Notice:  Undefined index: bg in /home/braincha/public_html/dev.highzilla.bg/catalog/controller/extension/module/ocbestproductslider.php on line 31
2018-08-23 19:58:53 - PHP Notice:  Undefined index: bg in /home/braincha/public_html/dev.highzilla.bg/catalog/controller/extension/module/octabproductslider.php on line 19
2018-08-23 19:58:53 - PHP Notice:  Undefined index: bg in /home/braincha/public_html/dev.highzilla.bg/catalog/controller/extension/module/octabcategoryslider.php on line 18
2018-08-23 19:58:53 - PHP Notice:  Undefined index: bg in /home/braincha/public_html/dev.highzilla.bg/catalog/controller/extension/module/ocnewproductslider.php on line 18
2018-08-23 19:58:53 - PHP Notice:  Undefined index: bg in /home/braincha/public_html/dev.highzilla.bg/catalog/controller/extension/module/ocfeaturedcategory.php on line 19
2018-08-23 19:58:53 - PHP Notice:  Undefined index: bg in /home/braincha/public_html/dev.highzilla.bg/catalog/controller/extension/module/ocblog.php on line 21
2018-08-23 19:58:53 - PHP Notice:  Undefined index: bg in /home/braincha/public_html/dev.highzilla.bg/catalog/controller/extension/module/octestimonial.php on line 15
2018-08-23 19:58:53 - PHP Notice:  Undefined index: bg in /home/braincha/public_html/dev.highzilla.bg/catalog/controller/extension/module/ocbestproductslider.php on line 31
2018-08-23 19:58:54 - PHP Notice:  Undefined index: bg in /home/braincha/public_html/dev.highzilla.bg/catalog/controller/extension/module/octabproductslider.php on line 19
2018-08-23 19:58:54 - PHP Notice:  Undefined index: bg in /home/braincha/public_html/dev.highzilla.bg/catalog/controller/extension/module/octabcategoryslider.php on line 18
2018-08-23 19:58:54 - PHP Notice:  Undefined index: bg in /home/braincha/public_html/dev.highzilla.bg/catalog/controller/extension/module/ocnewproductslider.php on line 18
2018-08-23 19:58:54 - PHP Notice:  Undefined index: bg in /home/braincha/public_html/dev.highzilla.bg/catalog/controller/extension/module/ocfeaturedcategory.php on line 19
2018-08-23 19:58:54 - PHP Notice:  Undefined index: bg in /home/braincha/public_html/dev.highzilla.bg/catalog/controller/extension/module/ocblog.php on line 21
2018-08-23 19:58:54 - PHP Notice:  Undefined index: bg in /home/braincha/public_html/dev.highzilla.bg/catalog/controller/extension/module/octestimonial.php on line 15
2018-08-23 19:58:54 - PHP Notice:  Undefined index: bg in /home/braincha/public_html/dev.highzilla.bg/catalog/controller/extension/module/ocbestproductslider.php on line 31
2018-08-23 19:58:58 - PHP Notice:  Undefined index: bg in /home/braincha/public_html/dev.highzilla.bg/catalog/controller/extension/module/octabproductslider.php on line 19
2018-08-23 19:58:58 - PHP Notice:  Undefined index: bg in /home/braincha/public_html/dev.highzilla.bg/catalog/controller/extension/module/octabcategoryslider.php on line 18
2018-08-23 19:58:58 - PHP Notice:  Undefined index: bg in /home/braincha/public_html/dev.highzilla.bg/catalog/controller/extension/module/ocfeaturedcategory.php on line 19
2018-08-23 19:58:58 - PHP Notice:  Undefined index: bg in /home/braincha/public_html/dev.highzilla.bg/catalog/controller/extension/module/ocblog.php on line 21
2018-08-23 19:58:58 - PHP Notice:  Undefined index: bg in /home/braincha/public_html/dev.highzilla.bg/catalog/controller/extension/module/octestimonial.php on line 15
2018-08-23 19:58:58 - PHP Notice:  Undefined index: bg in /home/braincha/public_html/dev.highzilla.bg/catalog/controller/extension/module/ocbestproductslider.php on line 31
2018-08-23 19:59:02 - PHP Notice:  Undefined index: bg in /home/braincha/public_html/dev.highzilla.bg/catalog/controller/extension/module/octabproductslider.php on line 19
2018-08-23 19:59:02 - PHP Notice:  Undefined index: bg in /home/braincha/public_html/dev.highzilla.bg/catalog/controller/extension/module/octabcategoryslider.php on line 18
2018-08-23 19:59:02 - PHP Notice:  Undefined index: bg in /home/braincha/public_html/dev.highzilla.bg/catalog/controller/extension/module/ocfeaturedcategory.php on line 19
2018-08-23 19:59:02 - PHP Notice:  Undefined index: bg in /home/braincha/public_html/dev.highzilla.bg/catalog/controller/extension/module/ocblog.php on line 21
2018-08-23 19:59:02 - PHP Notice:  Undefined index: bg in /home/braincha/public_html/dev.highzilla.bg/catalog/controller/extension/module/octestimonial.php on line 15
2018-08-23 19:59:02 - PHP Notice:  Undefined index: bg in /home/braincha/public_html/dev.highzilla.bg/catalog/controller/extension/module/ocbestproductslider.php on line 31
2018-08-23 20:01:38 - PHP Notice:  Undefined index: bg in /home/braincha/public_html/dev.highzilla.bg/catalog/controller/extension/module/octabproductslider.php on line 19
2018-08-23 20:01:38 - PHP Notice:  Undefined index: bg in /home/braincha/public_html/dev.highzilla.bg/catalog/controller/extension/module/octabcategoryslider.php on line 18
2018-08-23 20:01:38 - PHP Notice:  Undefined index: bg in /home/braincha/public_html/dev.highzilla.bg/catalog/controller/extension/module/ocfeaturedcategory.php on line 19
2018-08-23 20:01:38 - PHP Notice:  Undefined index: bg in /home/braincha/public_html/dev.highzilla.bg/catalog/controller/extension/module/ocblog.php on line 21
2018-08-23 20:01:38 - PHP Notice:  Undefined index: bg in /home/braincha/public_html/dev.highzilla.bg/catalog/controller/extension/module/octestimonial.php on line 15
2018-08-23 20:01:38 - PHP Notice:  Undefined index: bg in /home/braincha/public_html/dev.highzilla.bg/catalog/controller/extension/module/ocbestproductslider.php on line 31
2018-08-23 20:01:40 - PHP Notice:  Undefined index: bg in /home/braincha/public_html/dev.highzilla.bg/catalog/controller/extension/module/octabproductslider.php on line 19
2018-08-23 20:01:40 - PHP Notice:  Undefined index: bg in /home/braincha/public_html/dev.highzilla.bg/catalog/controller/extension/module/octabcategoryslider.php on line 18
2018-08-23 20:01:40 - PHP Notice:  Undefined index: bg in /home/braincha/public_html/dev.highzilla.bg/catalog/controller/extension/module/ocfeaturedcategory.php on line 19
2018-08-23 20:01:40 - PHP Notice:  Undefined index: bg in /home/braincha/public_html/dev.highzilla.bg/catalog/controller/extension/module/ocblog.php on line 21
2018-08-23 20:01:40 - PHP Notice:  Undefined index: bg in /home/braincha/public_html/dev.highzilla.bg/catalog/controller/extension/module/octestimonial.php on line 15
2018-08-23 20:01:40 - PHP Notice:  Undefined index: bg in /home/braincha/public_html/dev.highzilla.bg/catalog/controller/extension/module/ocbestproductslider.php on line 31
2018-08-23 20:01:57 - PHP Notice:  Undefined index: bg in /home/braincha/public_html/dev.highzilla.bg/catalog/controller/extension/module/octabproductslider.php on line 19
2018-08-23 20:01:57 - PHP Notice:  Undefined index: bg in /home/braincha/public_html/dev.highzilla.bg/catalog/controller/extension/module/octabcategoryslider.php on line 18
2018-08-23 20:01:57 - PHP Notice:  Undefined index: bg in /home/braincha/public_html/dev.highzilla.bg/catalog/controller/extension/module/ocfeaturedcategory.php on line 19
2018-08-23 20:01:57 - PHP Notice:  Undefined index: bg in /home/braincha/public_html/dev.highzilla.bg/catalog/controller/extension/module/ocblog.php on line 21
2018-08-23 20:01:57 - PHP Notice:  Undefined index: bg in /home/braincha/public_html/dev.highzilla.bg/catalog/controller/extension/module/octestimonial.php on line 15
2018-08-23 20:01:58 - PHP Notice:  Undefined index: bg in /home/braincha/public_html/dev.highzilla.bg/catalog/controller/extension/module/ocbestproductslider.php on line 31
2018-08-23 20:02:00 - PHP Notice:  Undefined index: bg in /home/braincha/public_html/dev.highzilla.bg/catalog/controller/extension/module/octabproductslider.php on line 19
2018-08-23 20:02:00 - PHP Notice:  Undefined index: bg in /home/braincha/public_html/dev.highzilla.bg/catalog/controller/extension/module/octabcategoryslider.php on line 18
2018-08-23 20:02:00 - PHP Notice:  Undefined index: bg in /home/braincha/public_html/dev.highzilla.bg/catalog/controller/extension/module/ocfeaturedcategory.php on line 19
2018-08-23 20:02:00 - PHP Notice:  Undefined index: bg in /home/braincha/public_html/dev.highzilla.bg/catalog/controller/extension/module/ocblog.php on line 21
2018-08-23 20:02:00 - PHP Notice:  Undefined index: bg in /home/braincha/public_html/dev.highzilla.bg/catalog/controller/extension/module/ocbestproductslider.php on line 31
2018-08-23 20:02:06 - PHP Notice:  Undefined index: bg in /home/braincha/public_html/dev.highzilla.bg/catalog/controller/extension/module/octabproductslider.php on line 19
2018-08-23 20:02:06 - PHP Notice:  Undefined index: bg in /home/braincha/public_html/dev.highzilla.bg/catalog/controller/extension/module/octabcategoryslider.php on line 18
2018-08-23 20:02:06 - PHP Notice:  Undefined index: bg in /home/braincha/public_html/dev.highzilla.bg/catalog/controller/extension/module/ocfeaturedcategory.php on line 19
2018-08-23 20:02:06 - PHP Notice:  Undefined index: bg in /home/braincha/public_html/dev.highzilla.bg/catalog/controller/extension/module/ocblog.php on line 21
2018-08-23 20:02:06 - PHP Notice:  Undefined index: bg in /home/braincha/public_html/dev.highzilla.bg/catalog/controller/extension/module/ocbestproductslider.php on line 31
2018-08-23 20:02:08 - PHP Notice:  Undefined index: bg in /home/braincha/public_html/dev.highzilla.bg/catalog/controller/extension/module/octabproductslider.php on line 19
2018-08-23 20:02:08 - PHP Notice:  Undefined index: bg in /home/braincha/public_html/dev.highzilla.bg/catalog/controller/extension/module/octabcategoryslider.php on line 18
2018-08-23 20:02:08 - PHP Notice:  Undefined index: bg in /home/braincha/public_html/dev.highzilla.bg/catalog/controller/extension/module/ocfeaturedcategory.php on line 19
2018-08-23 20:02:08 - PHP Notice:  Undefined index: bg in /home/braincha/public_html/dev.highzilla.bg/catalog/controller/extension/module/ocblog.php on line 21
2018-08-23 20:02:08 - PHP Notice:  Undefined index: bg in /home/braincha/public_html/dev.highzilla.bg/catalog/controller/extension/module/ocbestproductslider.php on line 31
2018-08-23 20:02:14 - PHP Notice:  Undefined index: bg in /home/braincha/public_html/dev.highzilla.bg/catalog/controller/extension/module/octabproductslider.php on line 19
2018-08-23 20:02:14 - PHP Notice:  Undefined index: bg in /home/braincha/public_html/dev.highzilla.bg/catalog/controller/extension/module/octabcategoryslider.php on line 18
2018-08-23 20:02:14 - PHP Notice:  Undefined index: bg in /home/braincha/public_html/dev.highzilla.bg/catalog/controller/extension/module/ocfeaturedcategory.php on line 19
2018-08-23 20:02:14 - PHP Notice:  Undefined index: bg in /home/braincha/public_html/dev.highzilla.bg/catalog/controller/extension/module/ocblog.php on line 21
2018-08-23 20:02:14 - PHP Notice:  Undefined index: bg in /home/braincha/public_html/dev.highzilla.bg/catalog/controller/extension/module/ocbestproductslider.php on line 31
2018-08-23 20:02:17 - PHP Notice:  Undefined index: bg in /home/braincha/public_html/dev.highzilla.bg/catalog/controller/extension/module/octabproductslider.php on line 19
2018-08-23 20:02:17 - PHP Notice:  Undefined index: bg in /home/braincha/public_html/dev.highzilla.bg/catalog/controller/extension/module/octabcategoryslider.php on line 18
2018-08-23 20:02:17 - PHP Notice:  Undefined index: bg in /home/braincha/public_html/dev.highzilla.bg/catalog/controller/extension/module/ocfeaturedcategory.php on line 19
2018-08-23 20:02:17 - PHP Notice:  Undefined index: bg in /home/braincha/public_html/dev.highzilla.bg/catalog/controller/extension/module/ocblog.php on line 21
2018-08-23 20:02:27 - PHP Notice:  Undefined index: bg in /home/braincha/public_html/dev.highzilla.bg/catalog/controller/extension/module/octabproductslider.php on line 19
2018-08-23 20:02:27 - PHP Notice:  Undefined index: bg in /home/braincha/public_html/dev.highzilla.bg/catalog/controller/extension/module/octabcategoryslider.php on line 18
2018-08-23 20:02:27 - PHP Notice:  Undefined index: bg in /home/braincha/public_html/dev.highzilla.bg/catalog/controller/extension/module/ocfeaturedcategory.php on line 19
2018-08-23 20:02:27 - PHP Notice:  Undefined index: bg in /home/braincha/public_html/dev.highzilla.bg/catalog/controller/extension/module/ocblog.php on line 21
2018-08-23 20:02:30 - PHP Notice:  Undefined index: bg in /home/braincha/public_html/dev.highzilla.bg/catalog/controller/extension/module/octabproductslider.php on line 19
2018-08-23 20:02:30 - PHP Notice:  Undefined index: bg in /home/braincha/public_html/dev.highzilla.bg/catalog/controller/extension/module/octabcategoryslider.php on line 18
2018-08-23 20:02:30 - PHP Notice:  Undefined index: bg in /home/braincha/public_html/dev.highzilla.bg/catalog/controller/extension/module/ocfeaturedcategory.php on line 19
2018-08-23 20:02:40 - PHP Notice:  Undefined index: bg in /home/braincha/public_html/dev.highzilla.bg/catalog/controller/extension/module/octabproductslider.php on line 19
2018-08-23 20:02:40 - PHP Notice:  Undefined index: bg in /home/braincha/public_html/dev.highzilla.bg/catalog/controller/extension/module/octabcategoryslider.php on line 18
2018-08-23 20:02:41 - PHP Notice:  Undefined index: bg in /home/braincha/public_html/dev.highzilla.bg/catalog/controller/extension/module/ocfeaturedcategory.php on line 19
2018-08-23 20:02:43 - PHP Notice:  Undefined index: bg in /home/braincha/public_html/dev.highzilla.bg/catalog/controller/extension/module/octabproductslider.php on line 19
2018-08-23 20:02:43 - PHP Notice:  Undefined index: bg in /home/braincha/public_html/dev.highzilla.bg/catalog/controller/extension/module/octabcategoryslider.php on line 18
2018-08-23 20:02:43 - PHP Notice:  Undefined index: bg in /home/braincha/public_html/dev.highzilla.bg/catalog/controller/extension/module/ocfeaturedcategory.php on line 19
2018-08-23 20:04:12 - PHP Notice:  Undefined index: bg in /home/braincha/public_html/dev.highzilla.bg/catalog/controller/extension/module/octabproductslider.php on line 19
2018-08-23 20:04:12 - PHP Notice:  Undefined index: bg in /home/braincha/public_html/dev.highzilla.bg/catalog/controller/extension/module/octabcategoryslider.php on line 18
2018-08-23 20:04:12 - PHP Notice:  Undefined index: bg in /home/braincha/public_html/dev.highzilla.bg/catalog/controller/extension/module/ocfeaturedcategory.php on line 19
2018-08-23 20:04:32 - PHP Notice:  Undefined index: bg in /home/braincha/public_html/dev.highzilla.bg/catalog/controller/extension/module/octabproductslider.php on line 19
2018-08-23 20:04:32 - PHP Notice:  Undefined index: bg in /home/braincha/public_html/dev.highzilla.bg/catalog/controller/extension/module/octabcategoryslider.php on line 18
2018-08-23 20:04:32 - PHP Notice:  Undefined index: bg in /home/braincha/public_html/dev.highzilla.bg/catalog/controller/extension/module/ocfeaturedcategory.php on line 19
2018-08-23 20:04:33 - PHP Notice:  Undefined index: bg in /home/braincha/public_html/dev.highzilla.bg/catalog/controller/extension/module/octabproductslider.php on line 19
2018-08-23 20:04:33 - PHP Notice:  Undefined index: bg in /home/braincha/public_html/dev.highzilla.bg/catalog/controller/extension/module/octabcategoryslider.php on line 18
2018-08-23 20:04:33 - PHP Notice:  Undefined index: bg in /home/braincha/public_html/dev.highzilla.bg/catalog/controller/extension/module/ocfeaturedcategory.php on line 19
2018-08-23 20:04:33 - PHP Notice:  Undefined index: bg in /home/braincha/public_html/dev.highzilla.bg/catalog/controller/extension/module/octabproductslider.php on line 19
2018-08-23 20:04:33 - PHP Notice:  Undefined index: bg in /home/braincha/public_html/dev.highzilla.bg/catalog/controller/extension/module/octabcategoryslider.php on line 18
2018-08-23 20:04:33 - PHP Notice:  Undefined index: bg in /home/braincha/public_html/dev.highzilla.bg/catalog/controller/extension/module/ocfeaturedcategory.php on line 19
2018-08-23 20:04:35 - PHP Notice:  Undefined index: bg in /home/braincha/public_html/dev.highzilla.bg/catalog/controller/extension/module/octabproductslider.php on line 19
2018-08-23 20:04:36 - PHP Notice:  Undefined index: bg in /home/braincha/public_html/dev.highzilla.bg/catalog/controller/extension/module/octabcategoryslider.php on line 18
2018-08-23 20:04:40 - PHP Notice:  Undefined index: bg in /home/braincha/public_html/dev.highzilla.bg/catalog/controller/extension/module/octabproductslider.php on line 19
2018-08-23 20:04:40 - PHP Notice:  Undefined index: bg in /home/braincha/public_html/dev.highzilla.bg/catalog/controller/extension/module/octabcategoryslider.php on line 18
2018-08-23 20:04:44 - PHP Notice:  Undefined index: bg in /home/braincha/public_html/dev.highzilla.bg/catalog/controller/extension/module/octabproductslider.php on line 19
2018-08-23 20:04:44 - PHP Notice:  Undefined index: bg in /home/braincha/public_html/dev.highzilla.bg/catalog/controller/extension/module/octabcategoryslider.php on line 18
2018-08-23 20:04:53 - PHP Notice:  Undefined index: bg in /home/braincha/public_html/dev.highzilla.bg/catalog/controller/extension/module/octabproductslider.php on line 19
2018-08-23 20:04:53 - PHP Notice:  Undefined index: bg in /home/braincha/public_html/dev.highzilla.bg/catalog/controller/extension/module/octabcategoryslider.php on line 18
2018-08-23 20:04:55 - PHP Notice:  Undefined index: bg in /home/braincha/public_html/dev.highzilla.bg/catalog/controller/extension/module/octabproductslider.php on line 19
2018-08-23 20:04:55 - PHP Notice:  Undefined index: bg in /home/braincha/public_html/dev.highzilla.bg/catalog/controller/extension/module/octabcategoryslider.php on line 18
2018-08-23 20:05:06 - PHP Notice:  Undefined index: bg in /home/braincha/public_html/dev.highzilla.bg/catalog/controller/extension/module/octabproductslider.php on line 19
2018-08-23 20:05:06 - PHP Notice:  Undefined index: bg in /home/braincha/public_html/dev.highzilla.bg/catalog/controller/extension/module/octabcategoryslider.php on line 18
2018-08-23 20:05:08 - PHP Notice:  Undefined index: bg in /home/braincha/public_html/dev.highzilla.bg/catalog/controller/extension/module/octabproductslider.php on line 19
2018-08-23 20:05:08 - PHP Notice:  Undefined index: bg in /home/braincha/public_html/dev.highzilla.bg/catalog/controller/extension/module/octabcategoryslider.php on line 18
2018-08-23 20:05:48 - PHP Notice:  Undefined index: bg in /home/braincha/public_html/dev.highzilla.bg/catalog/controller/extension/module/octabproductslider.php on line 19
2018-08-23 20:05:48 - PHP Notice:  Undefined index: bg in /home/braincha/public_html/dev.highzilla.bg/catalog/controller/extension/module/octabcategoryslider.php on line 18
2018-08-23 20:05:49 - PHP Notice:  Undefined index: bg in /home/braincha/public_html/dev.highzilla.bg/catalog/controller/extension/module/octabproductslider.php on line 19
2018-08-23 20:05:49 - PHP Notice:  Undefined index: bg in /home/braincha/public_html/dev.highzilla.bg/catalog/controller/extension/module/octabcategoryslider.php on line 18
2018-08-23 20:05:50 - PHP Notice:  Undefined index: bg in /home/braincha/public_html/dev.highzilla.bg/catalog/controller/extension/module/octabproductslider.php on line 19
2018-08-23 20:05:50 - PHP Notice:  Undefined index: bg in /home/braincha/public_html/dev.highzilla.bg/catalog/controller/extension/module/octabcategoryslider.php on line 18
2018-08-23 20:06:01 - PHP Notice:  Undefined index: bg in /home/braincha/public_html/dev.highzilla.bg/catalog/controller/extension/module/octabproductslider.php on line 19
2018-08-23 20:06:01 - PHP Notice:  Undefined index: bg in /home/braincha/public_html/dev.highzilla.bg/catalog/controller/extension/module/octabcategoryslider.php on line 18
2018-08-23 20:06:07 - PHP Notice:  Undefined index: bg in /home/braincha/public_html/dev.highzilla.bg/catalog/controller/extension/module/octabproductslider.php on line 19
2018-08-23 20:06:07 - PHP Notice:  Undefined index: bg in /home/braincha/public_html/dev.highzilla.bg/catalog/controller/extension/module/octabcategoryslider.php on line 18
2018-08-23 20:06:12 - PHP Notice:  Undefined index: bg in /home/braincha/public_html/dev.highzilla.bg/catalog/controller/extension/module/octabproductslider.php on line 19
2018-08-23 20:06:12 - PHP Notice:  Undefined index: bg in /home/braincha/public_html/dev.highzilla.bg/catalog/controller/extension/module/octabcategoryslider.php on line 18
2018-08-23 20:06:13 - PHP Notice:  Undefined index: bg in /home/braincha/public_html/dev.highzilla.bg/catalog/controller/extension/module/octabproductslider.php on line 19
2018-08-23 20:06:13 - PHP Notice:  Undefined index: bg in /home/braincha/public_html/dev.highzilla.bg/catalog/controller/extension/module/octabcategoryslider.php on line 18
2018-08-23 20:06:14 - PHP Notice:  Undefined index: bg in /home/braincha/public_html/dev.highzilla.bg/catalog/controller/extension/module/octabproductslider.php on line 19
2018-08-23 20:06:14 - PHP Notice:  Undefined index: bg in /home/braincha/public_html/dev.highzilla.bg/catalog/controller/extension/module/octabcategoryslider.php on line 18
2018-08-23 20:06:24 - PHP Notice:  Undefined index: bg in /home/braincha/public_html/dev.highzilla.bg/catalog/controller/extension/module/octabproductslider.php on line 19
2018-08-23 20:06:24 - PHP Notice:  Undefined index: bg in /home/braincha/public_html/dev.highzilla.bg/catalog/controller/extension/module/octabcategoryslider.php on line 18
2018-08-23 20:06:24 - PHP Notice:  Undefined index: bg in /home/braincha/public_html/dev.highzilla.bg/catalog/controller/extension/module/octabproductslider.php on line 19
2018-08-23 20:06:24 - PHP Notice:  Undefined index: bg in /home/braincha/public_html/dev.highzilla.bg/catalog/controller/extension/module/octabcategoryslider.php on line 18
2018-08-23 20:06:25 - PHP Notice:  Undefined index: bg in /home/braincha/public_html/dev.highzilla.bg/catalog/controller/extension/module/octabproductslider.php on line 19
2018-08-23 20:06:25 - PHP Notice:  Undefined index: bg in /home/braincha/public_html/dev.highzilla.bg/catalog/controller/extension/module/octabcategoryslider.php on line 18
2018-08-23 20:06:26 - PHP Notice:  Undefined index: bg in /home/braincha/public_html/dev.highzilla.bg/catalog/controller/extension/module/octabproductslider.php on line 19
2018-08-23 20:06:26 - PHP Notice:  Undefined index: bg in /home/braincha/public_html/dev.highzilla.bg/catalog/controller/extension/module/octabcategoryslider.php on line 18
2018-08-23 20:06:26 - PHP Notice:  Undefined index: bg in /home/braincha/public_html/dev.highzilla.bg/catalog/controller/extension/module/octabproductslider.php on line 19
2018-08-23 20:06:26 - PHP Notice:  Undefined index: bg in /home/braincha/public_html/dev.highzilla.bg/catalog/controller/extension/module/octabcategoryslider.php on line 18
2018-08-23 20:06:27 - PHP Notice:  Undefined index: bg in /home/braincha/public_html/dev.highzilla.bg/catalog/controller/extension/module/octabproductslider.php on line 19
2018-08-23 20:06:27 - PHP Notice:  Undefined index: bg in /home/braincha/public_html/dev.highzilla.bg/catalog/controller/extension/module/octabcategoryslider.php on line 18
2018-08-23 20:06:32 - PHP Notice:  Undefined index: bg in /home/braincha/public_html/dev.highzilla.bg/catalog/controller/extension/module/octabproductslider.php on line 19
2018-08-23 20:06:32 - PHP Notice:  Undefined index: bg in /home/braincha/public_html/dev.highzilla.bg/catalog/controller/extension/module/octabcategoryslider.php on line 18
2018-08-23 20:06:36 - PHP Notice:  Undefined index: bg in /home/braincha/public_html/dev.highzilla.bg/catalog/controller/extension/module/octabproductslider.php on line 19
2018-08-23 20:06:36 - PHP Notice:  Undefined index: bg in /home/braincha/public_html/dev.highzilla.bg/catalog/controller/extension/module/octabcategoryslider.php on line 18
2018-08-23 20:06:39 - PHP Notice:  Undefined index: bg in /home/braincha/public_html/dev.highzilla.bg/catalog/controller/extension/module/octabproductslider.php on line 19
2018-08-23 20:06:41 - PHP Notice:  Undefined index: bg in /home/braincha/public_html/dev.highzilla.bg/catalog/controller/extension/module/octabproductslider.php on line 19
2018-08-24 0:05:50 - PHP Notice:  Undefined variable: token in /home/braincha/public_html/dev.highzilla.bg/admin/view/template/extension/module/ochozmegamenu.tpl on line 184
2018-08-24 0:07:22 - PHP Notice:  Undefined variable: token in /home/braincha/public_html/dev.highzilla.bg/admin/view/template/extension/module/ochozmegamenu.tpl on line 184
2018-08-24 0:07:39 - PHP Notice:  Undefined variable: token in /home/braincha/public_html/dev.highzilla.bg/admin/view/template/extension/module/ochozmegamenu.tpl on line 184
2018-08-24 0:08:00 - PHP Notice:  Undefined variable: token in /home/braincha/public_html/dev.highzilla.bg/admin/view/template/extension/module/ochozmegamenu.tpl on line 184
